This is pdfTeX, Version 3.14159265-2.6-1.40.21 (TeX Live 2020/W32TeX) (preloaded format=pdflatex 2020.9.19)  15 JAN 2021 16:06
entering extended mode
 restricted \write18 enabled.
 %&-line parsing enabled.
**report.tex
(./report.tex
LaTeX2e <2020-02-02> patch level 5
L3 programming layer <2020-09-06>
(d:/filp/filp00/tex/texlive/2020/texmf-dist/tex/latex/amscls/amsart.cls
Document Class: amsart 2020/05/29 v2.20.6
\linespacing=\dimen134
\normalparindent=\dimen135
\normaltopskip=\skip47
(d:/filp/filp00/tex/texlive/2020/texmf-dist/tex/latex/amsmath/amsmath.sty
Package: amsmath 2020/01/20 v2.17e AMS math features
\@mathmargin=\skip48

For additional information on amsmath, use the `?' option.
(d:/filp/filp00/tex/texlive/2020/texmf-dist/tex/latex/amsmath/amstext.sty
Package: amstext 2000/06/29 v2.01 AMS text

(d:/filp/filp00/tex/texlive/2020/texmf-dist/tex/latex/amsmath/amsgen.sty
File: amsgen.sty 1999/11/30 v2.0 generic functions
\@emptytoks=\toks15
\ex@=\dimen136
))
(d:/filp/filp00/tex/texlive/2020/texmf-dist/tex/latex/amsmath/amsbsy.sty
Package: amsbsy 1999/11/29 v1.2d Bold Symbols
\pmbraise@=\dimen137
)
(d:/filp/filp00/tex/texlive/2020/texmf-dist/tex/latex/amsmath/amsopn.sty
Package: amsopn 2016/03/08 v2.02 operator names
)
\inf@bad=\count168
LaTeX Info: Redefining \frac on input line 227.
\uproot@=\count169
\leftroot@=\count170
LaTeX Info: Redefining \overline on input line 389.
\classnum@=\count171
\DOTSCASE@=\count172
LaTeX Info: Redefining \ldots on input line 486.
LaTeX Info: Redefining \dots on input line 489.
LaTeX Info: Redefining \cdots on input line 610.
\Mathstrutbox@=\box45
\strutbox@=\box46
\big@size=\dimen138
LaTeX Font Info:    Redeclaring font encoding OML on input line 733.
LaTeX Font Info:    Redeclaring font encoding OMS on input line 734.
\macc@depth=\count173
\c@MaxMatrixCols=\count174
\dotsspace@=\muskip16
\c@parentequation=\count175
\dspbrk@lvl=\count176
\tag@help=\toks16
\row@=\count177
\column@=\count178
\maxfields@=\count179
\andhelp@=\toks17
\eqnshift@=\dimen139
\alignsep@=\dimen140
\tagshift@=\dimen141
\tagwidth@=\dimen142
\totwidth@=\dimen143
\lineht@=\dimen144
\@envbody=\toks18
\multlinegap=\skip49
\multlinetaggap=\skip50
\mathdisplay@stack=\toks19
LaTeX Info: Redefining \[ on input line 2859.
LaTeX Info: Redefining \] on input line 2860.
)
LaTeX Font Info:    Trying to load font information for U+msa on input line 397
.

(d:/filp/filp00/tex/texlive/2020/texmf-dist/tex/latex/amsfonts/umsa.fd
File: umsa.fd 2013/01/14 v3.01 AMS symbols A
)
(d:/filp/filp00/tex/texlive/2020/texmf-dist/tex/latex/amsfonts/amsfonts.sty
Package: amsfonts 2013/01/14 v3.01 Basic AMSFonts support
\symAMSa=\mathgroup4
\symAMSb=\mathgroup5
LaTeX Font Info:    Redeclaring math symbol \hbar on input line 98.
LaTeX Font Info:    Overwriting math alphabet `\mathfrak' in version `bold'
(Font)                  U/euf/m/n --> U/euf/b/n on input line 106.
)
\copyins=\insert199
\abstractbox=\box47
\listisep=\skip51
\c@part=\count180
\c@section=\count181
\c@subsection=\count182
\c@subsubsection=\count183
\c@paragraph=\count184
\c@subparagraph=\count185
\c@figure=\count186
\c@table=\count187
\abovecaptionskip=\skip52
\belowcaptionskip=\skip53
\captionindent=\dimen145
\thm@style=\toks20
\thm@bodyfont=\toks21
\thm@headfont=\toks22
\thm@notefont=\toks23
\thm@headpunct=\toks24
\thm@preskip=\skip54
\thm@postskip=\skip55
\thm@headsep=\skip56
\dth@everypar=\toks25
)
\DraftStatus=\count188

(d:/filp/filp00/tex/texlive/2020/texmf-dist/tex/latex/comment/comment.sty
\CommentStream=\write3

Excluding comment 'comment') Include comment 'JournalOnly'
Include comment 'ConferenceOnly' Include comment 'TulipStyle' (./preamble.tex
(d:/filp/filp00/tex/texlive/2020/texmf-dist/tex/latex/todonotes/todonotes.sty
Package: todonotes 2020/08/18 v1.1.3 Todonotes source and documentation.
Package: todonotes 2018/11/22

(d:/filp/filp00/tex/texlive/2020/texmf-dist/tex/latex/base/ifthen.sty
Package: ifthen 2014/09/29 v1.1c Standard LaTeX ifthen package (DPC)
)
(d:/filp/filp00/tex/texlive/2020/texmf-dist/tex/latex/xkeyval/xkeyval.sty
Package: xkeyval 2014/12/03 v2.7a package option processing (HA)

(d:/filp/filp00/tex/texlive/2020/texmf-dist/tex/generic/xkeyval/xkeyval.tex
(d:/filp/filp00/tex/texlive/2020/texmf-dist/tex/generic/xkeyval/xkvutils.tex
\XKV@toks=\toks26
\XKV@tempa@toks=\toks27

(d:/filp/filp00/tex/texlive/2020/texmf-dist/tex/generic/xkeyval/keyval.tex))
\XKV@depth=\count189
File: xkeyval.tex 2014/12/03 v2.7a key=value parser (HA)
))
(d:/filp/filp00/tex/texlive/2020/texmf-dist/tex/latex/xcolor/xcolor.sty
Package: xcolor 2016/05/11 v2.12 LaTeX color extensions (UK)

(d:/filp/filp00/tex/texlive/2020/texmf-dist/tex/latex/graphics-cfg/color.cfg
File: color.cfg 2016/01/02 v1.6 sample color configuration
)
Package xcolor Info: Driver file: pdftex.def on input line 225.

(d:/filp/filp00/tex/texlive/2020/texmf-dist/tex/latex/graphics-def/pdftex.def
File: pdftex.def 2020/08/26 v1.2 Graphics/color driver for pdftex
)
Package xcolor Info: Model `cmy' substituted by `cmy0' on input line 1348.
Package xcolor Info: Model `hsb' substituted by `rgb' on input line 1352.
Package xcolor Info: Model `RGB' extended on input line 1364.
Package xcolor Info: Model `HTML' substituted by `rgb' on input line 1366.
Package xcolor Info: Model `Hsb' substituted by `hsb' on input line 1367.
Package xcolor Info: Model `tHsb' substituted by `hsb' on input line 1368.
Package xcolor Info: Model `HSB' substituted by `hsb' on input line 1369.
Package xcolor Info: Model `Gray' substituted by `gray' on input line 1370.
Package xcolor Info: Model `wave' substituted by `hsb' on input line 1371.
)
(d:/filp/filp00/tex/texlive/2020/texmf-dist/tex/latex/pgf/frontendlayer/tikz.st
y (d:/filp/filp00/tex/texlive/2020/texmf-dist/tex/latex/pgf/basiclayer/pgf.sty
(d:/filp/filp00/tex/texlive/2020/texmf-dist/tex/latex/pgf/utilities/pgfrcs.sty
(d:/filp/filp00/tex/texlive/2020/texmf-dist/tex/generic/pgf/utilities/pgfutil-c
ommon.tex
\pgfutil@everybye=\toks28
\pgfutil@tempdima=\dimen146
\pgfutil@tempdimb=\dimen147

(d:/filp/filp00/tex/texlive/2020/texmf-dist/tex/generic/pgf/utilities/pgfutil-c
ommon-lists.tex))
(d:/filp/filp00/tex/texlive/2020/texmf-dist/tex/generic/pgf/utilities/pgfutil-l
atex.def
\pgfutil@abb=\box48
 (d:/filp/filp00/tex/texlive/2020/texmf-dist/tex/latex/ms/everyshi.sty
Package: everyshi 2001/05/15 v3.00 EveryShipout Package (MS)
))
(d:/filp/filp00/tex/texlive/2020/texmf-dist/tex/generic/pgf/utilities/pgfrcs.co
de.tex
(d:/filp/filp00/tex/texlive/2020/texmf-dist/tex/generic/pgf/pgf.revision.tex)
Package: pgfrcs 2020/01/08 v3.1.5b (3.1.5b)
))
Package: pgf 2020/01/08 v3.1.5b (3.1.5b)

(d:/filp/filp00/tex/texlive/2020/texmf-dist/tex/latex/pgf/basiclayer/pgfcore.st
y (d:/filp/filp00/tex/texlive/2020/texmf-dist/tex/latex/graphics/graphicx.sty
Package: graphicx 2019/11/30 v1.2a Enhanced LaTeX Graphics (DPC,SPQR)

(d:/filp/filp00/tex/texlive/2020/texmf-dist/tex/latex/graphics/graphics.sty
Package: graphics 2019/11/30 v1.4a Standard LaTeX Graphics (DPC,SPQR)

(d:/filp/filp00/tex/texlive/2020/texmf-dist/tex/latex/graphics/trig.sty
Package: trig 2016/01/03 v1.10 sin cos tan (DPC)
)
(d:/filp/filp00/tex/texlive/2020/texmf-dist/tex/latex/graphics-cfg/graphics.cfg
File: graphics.cfg 2016/06/04 v1.11 sample graphics configuration
)
Package graphics Info: Driver file: pdftex.def on input line 105.
)
\Gin@req@height=\dimen148
\Gin@req@width=\dimen149
)
(d:/filp/filp00/tex/texlive/2020/texmf-dist/tex/latex/pgf/systemlayer/pgfsys.st
y
(d:/filp/filp00/tex/texlive/2020/texmf-dist/tex/generic/pgf/systemlayer/pgfsys.
code.tex
Package: pgfsys 2020/01/08 v3.1.5b (3.1.5b)

(d:/filp/filp00/tex/texlive/2020/texmf-dist/tex/generic/pgf/utilities/pgfkeys.c
ode.tex
\pgfkeys@pathtoks=\toks29
\pgfkeys@temptoks=\toks30

(d:/filp/filp00/tex/texlive/2020/texmf-dist/tex/generic/pgf/utilities/pgfkeysfi
ltered.code.tex
\pgfkeys@tmptoks=\toks31
))
\pgf@x=\dimen150
\pgf@y=\dimen151
\pgf@xa=\dimen152
\pgf@ya=\dimen153
\pgf@xb=\dimen154
\pgf@yb=\dimen155
\pgf@xc=\dimen156
\pgf@yc=\dimen157
\pgf@xd=\dimen158
\pgf@yd=\dimen159
\w@pgf@writea=\write4
\r@pgf@reada=\read2
\c@pgf@counta=\count190
\c@pgf@countb=\count191
\c@pgf@countc=\count192
\c@pgf@countd=\count193
\t@pgf@toka=\toks32
\t@pgf@tokb=\toks33
\t@pgf@tokc=\toks34
\pgf@sys@id@count=\count194

(d:/filp/filp00/tex/texlive/2020/texmf-dist/tex/generic/pgf/systemlayer/pgf.cfg
File: pgf.cfg 2020/01/08 v3.1.5b (3.1.5b)
)
Driver file for pgf: pgfsys-pdftex.def

(d:/filp/filp00/tex/texlive/2020/texmf-dist/tex/generic/pgf/systemlayer/pgfsys-
pdftex.def
File: pgfsys-pdftex.def 2020/01/08 v3.1.5b (3.1.5b)

(d:/filp/filp00/tex/texlive/2020/texmf-dist/tex/generic/pgf/systemlayer/pgfsys-
common-pdf.def
File: pgfsys-common-pdf.def 2020/01/08 v3.1.5b (3.1.5b)
)))
(d:/filp/filp00/tex/texlive/2020/texmf-dist/tex/generic/pgf/systemlayer/pgfsyss
oftpath.code.tex
File: pgfsyssoftpath.code.tex 2020/01/08 v3.1.5b (3.1.5b)
\pgfsyssoftpath@smallbuffer@items=\count195
\pgfsyssoftpath@bigbuffer@items=\count196
)
(d:/filp/filp00/tex/texlive/2020/texmf-dist/tex/generic/pgf/systemlayer/pgfsysp
rotocol.code.tex
File: pgfsysprotocol.code.tex 2020/01/08 v3.1.5b (3.1.5b)
))
(d:/filp/filp00/tex/texlive/2020/texmf-dist/tex/generic/pgf/basiclayer/pgfcore.
code.tex
Package: pgfcore 2020/01/08 v3.1.5b (3.1.5b)

(d:/filp/filp00/tex/texlive/2020/texmf-dist/tex/generic/pgf/math/pgfmath.code.t
ex
(d:/filp/filp00/tex/texlive/2020/texmf-dist/tex/generic/pgf/math/pgfmathcalc.co
de.tex
(d:/filp/filp00/tex/texlive/2020/texmf-dist/tex/generic/pgf/math/pgfmathutil.co
de.tex)
(d:/filp/filp00/tex/texlive/2020/texmf-dist/tex/generic/pgf/math/pgfmathparser.
code.tex
\pgfmath@dimen=\dimen160
\pgfmath@count=\count197
\pgfmath@box=\box49
\pgfmath@toks=\toks35
\pgfmath@stack@operand=\toks36
\pgfmath@stack@operation=\toks37
)
(d:/filp/filp00/tex/texlive/2020/texmf-dist/tex/generic/pgf/math/pgfmathfunctio
ns.code.tex
(d:/filp/filp00/tex/texlive/2020/texmf-dist/tex/generic/pgf/math/pgfmathfunctio
ns.basic.code.tex)
(d:/filp/filp00/tex/texlive/2020/texmf-dist/tex/generic/pgf/math/pgfmathfunctio
ns.trigonometric.code.tex)
(d:/filp/filp00/tex/texlive/2020/texmf-dist/tex/generic/pgf/math/pgfmathfunctio
ns.random.code.tex)
(d:/filp/filp00/tex/texlive/2020/texmf-dist/tex/generic/pgf/math/pgfmathfunctio
ns.comparison.code.tex)
(d:/filp/filp00/tex/texlive/2020/texmf-dist/tex/generic/pgf/math/pgfmathfunctio
ns.base.code.tex)
(d:/filp/filp00/tex/texlive/2020/texmf-dist/tex/generic/pgf/math/pgfmathfunctio
ns.round.code.tex)
(d:/filp/filp00/tex/texlive/2020/texmf-dist/tex/generic/pgf/math/pgfmathfunctio
ns.misc.code.tex)
(d:/filp/filp00/tex/texlive/2020/texmf-dist/tex/generic/pgf/math/pgfmathfunctio
ns.integerarithmetics.code.tex)))
(d:/filp/filp00/tex/texlive/2020/texmf-dist/tex/generic/pgf/math/pgfmathfloat.c
ode.tex
\c@pgfmathroundto@lastzeros=\count198
))
(d:/filp/filp00/tex/texlive/2020/texmf-dist/tex/generic/pgf/math/pgfint.code.te
x)
(d:/filp/filp00/tex/texlive/2020/texmf-dist/tex/generic/pgf/basiclayer/pgfcorep
oints.code.tex
File: pgfcorepoints.code.tex 2020/01/08 v3.1.5b (3.1.5b)
\pgf@picminx=\dimen161
\pgf@picmaxx=\dimen162
\pgf@picminy=\dimen163
\pgf@picmaxy=\dimen164
\pgf@pathminx=\dimen165
\pgf@pathmaxx=\dimen166
\pgf@pathminy=\dimen167
\pgf@pathmaxy=\dimen168
\pgf@xx=\dimen169
\pgf@xy=\dimen170
\pgf@yx=\dimen171
\pgf@yy=\dimen172
\pgf@zx=\dimen173
\pgf@zy=\dimen174
)
(d:/filp/filp00/tex/texlive/2020/texmf-dist/tex/generic/pgf/basiclayer/pgfcorep
athconstruct.code.tex
File: pgfcorepathconstruct.code.tex 2020/01/08 v3.1.5b (3.1.5b)
\pgf@path@lastx=\dimen175
\pgf@path@lasty=\dimen176
)
(d:/filp/filp00/tex/texlive/2020/texmf-dist/tex/generic/pgf/basiclayer/pgfcorep
athusage.code.tex
File: pgfcorepathusage.code.tex 2020/01/08 v3.1.5b (3.1.5b)
\pgf@shorten@end@additional=\dimen177
\pgf@shorten@start@additional=\dimen178
)
(d:/filp/filp00/tex/texlive/2020/texmf-dist/tex/generic/pgf/basiclayer/pgfcores
copes.code.tex
File: pgfcorescopes.code.tex 2020/01/08 v3.1.5b (3.1.5b)
\pgfpic=\box50
\pgf@hbox=\box51
\pgf@layerbox@main=\box52
\pgf@picture@serial@count=\count266
)
(d:/filp/filp00/tex/texlive/2020/texmf-dist/tex/generic/pgf/basiclayer/pgfcoreg
raphicstate.code.tex
File: pgfcoregraphicstate.code.tex 2020/01/08 v3.1.5b (3.1.5b)
\pgflinewidth=\dimen179
)
(d:/filp/filp00/tex/texlive/2020/texmf-dist/tex/generic/pgf/basiclayer/pgfcoret
ransformations.code.tex
File: pgfcoretransformations.code.tex 2020/01/08 v3.1.5b (3.1.5b)
\pgf@pt@x=\dimen180
\pgf@pt@y=\dimen181
\pgf@pt@temp=\dimen182
)
(d:/filp/filp00/tex/texlive/2020/texmf-dist/tex/generic/pgf/basiclayer/pgfcoreq
uick.code.tex
File: pgfcorequick.code.tex 2020/01/08 v3.1.5b (3.1.5b)
)
(d:/filp/filp00/tex/texlive/2020/texmf-dist/tex/generic/pgf/basiclayer/pgfcoreo
bjects.code.tex
File: pgfcoreobjects.code.tex 2020/01/08 v3.1.5b (3.1.5b)
)
(d:/filp/filp00/tex/texlive/2020/texmf-dist/tex/generic/pgf/basiclayer/pgfcorep
athprocessing.code.tex
File: pgfcorepathprocessing.code.tex 2020/01/08 v3.1.5b (3.1.5b)
)
(d:/filp/filp00/tex/texlive/2020/texmf-dist/tex/generic/pgf/basiclayer/pgfcorea
rrows.code.tex
File: pgfcorearrows.code.tex 2020/01/08 v3.1.5b (3.1.5b)
\pgfarrowsep=\dimen183
)
(d:/filp/filp00/tex/texlive/2020/texmf-dist/tex/generic/pgf/basiclayer/pgfcores
hade.code.tex
File: pgfcoreshade.code.tex 2020/01/08 v3.1.5b (3.1.5b)
\pgf@max=\dimen184
\pgf@sys@shading@range@num=\count267
\pgf@shadingcount=\count268
)
(d:/filp/filp00/tex/texlive/2020/texmf-dist/tex/generic/pgf/basiclayer/pgfcorei
mage.code.tex
File: pgfcoreimage.code.tex 2020/01/08 v3.1.5b (3.1.5b)

(d:/filp/filp00/tex/texlive/2020/texmf-dist/tex/generic/pgf/basiclayer/pgfcoree
xternal.code.tex
File: pgfcoreexternal.code.tex 2020/01/08 v3.1.5b (3.1.5b)
\pgfexternal@startupbox=\box53
))
(d:/filp/filp00/tex/texlive/2020/texmf-dist/tex/generic/pgf/basiclayer/pgfcorel
ayers.code.tex
File: pgfcorelayers.code.tex 2020/01/08 v3.1.5b (3.1.5b)
)
(d:/filp/filp00/tex/texlive/2020/texmf-dist/tex/generic/pgf/basiclayer/pgfcoret
ransparency.code.tex
File: pgfcoretransparency.code.tex 2020/01/08 v3.1.5b (3.1.5b)
)
(d:/filp/filp00/tex/texlive/2020/texmf-dist/tex/generic/pgf/basiclayer/pgfcorep
atterns.code.tex
File: pgfcorepatterns.code.tex 2020/01/08 v3.1.5b (3.1.5b)
)
(d:/filp/filp00/tex/texlive/2020/texmf-dist/tex/generic/pgf/basiclayer/pgfcorer
df.code.tex
File: pgfcorerdf.code.tex 2020/01/08 v3.1.5b (3.1.5b)
)))
(d:/filp/filp00/tex/texlive/2020/texmf-dist/tex/generic/pgf/modules/pgfmodulesh
apes.code.tex
File: pgfmoduleshapes.code.tex 2020/01/08 v3.1.5b (3.1.5b)
\pgfnodeparttextbox=\box54
)
(d:/filp/filp00/tex/texlive/2020/texmf-dist/tex/generic/pgf/modules/pgfmodulepl
ot.code.tex
File: pgfmoduleplot.code.tex 2020/01/08 v3.1.5b (3.1.5b)
)
(d:/filp/filp00/tex/texlive/2020/texmf-dist/tex/latex/pgf/compatibility/pgfcomp
-version-0-65.sty
Package: pgfcomp-version-0-65 2020/01/08 v3.1.5b (3.1.5b)
\pgf@nodesepstart=\dimen185
\pgf@nodesepend=\dimen186
)
(d:/filp/filp00/tex/texlive/2020/texmf-dist/tex/latex/pgf/compatibility/pgfcomp
-version-1-18.sty
Package: pgfcomp-version-1-18 2020/01/08 v3.1.5b (3.1.5b)
))
(d:/filp/filp00/tex/texlive/2020/texmf-dist/tex/latex/pgf/utilities/pgffor.sty
(d:/filp/filp00/tex/texlive/2020/texmf-dist/tex/latex/pgf/utilities/pgfkeys.sty

(d:/filp/filp00/tex/texlive/2020/texmf-dist/tex/generic/pgf/utilities/pgfkeys.c
ode.tex))
(d:/filp/filp00/tex/texlive/2020/texmf-dist/tex/latex/pgf/math/pgfmath.sty
(d:/filp/filp00/tex/texlive/2020/texmf-dist/tex/generic/pgf/math/pgfmath.code.t
ex))
(d:/filp/filp00/tex/texlive/2020/texmf-dist/tex/generic/pgf/utilities/pgffor.co
de.tex
Package: pgffor 2020/01/08 v3.1.5b (3.1.5b)

(d:/filp/filp00/tex/texlive/2020/texmf-dist/tex/generic/pgf/math/pgfmath.code.t
ex)
\pgffor@iter=\dimen187
\pgffor@skip=\dimen188
\pgffor@stack=\toks38
\pgffor@toks=\toks39
))
(d:/filp/filp00/tex/texlive/2020/texmf-dist/tex/generic/pgf/frontendlayer/tikz/
tikz.code.tex
Package: tikz 2020/01/08 v3.1.5b (3.1.5b)

(d:/filp/filp00/tex/texlive/2020/texmf-dist/tex/generic/pgf/libraries/pgflibrar
yplothandlers.code.tex
File: pgflibraryplothandlers.code.tex 2020/01/08 v3.1.5b (3.1.5b)
\pgf@plot@mark@count=\count269
\pgfplotmarksize=\dimen189
)
\tikz@lastx=\dimen190
\tikz@lasty=\dimen191
\tikz@lastxsaved=\dimen192
\tikz@lastysaved=\dimen193
\tikz@lastmovetox=\dimen194
\tikz@lastmovetoy=\dimen195
\tikzleveldistance=\dimen196
\tikzsiblingdistance=\dimen197
\tikz@figbox=\box55
\tikz@figbox@bg=\box56
\tikz@tempbox=\box57
\tikz@tempbox@bg=\box58
\tikztreelevel=\count270
\tikznumberofchildren=\count271
\tikznumberofcurrentchild=\count272
\tikz@fig@count=\count273

(d:/filp/filp00/tex/texlive/2020/texmf-dist/tex/generic/pgf/modules/pgfmodulema
trix.code.tex
File: pgfmodulematrix.code.tex 2020/01/08 v3.1.5b (3.1.5b)
\pgfmatrixcurrentrow=\count274
\pgfmatrixcurrentcolumn=\count275
\pgf@matrix@numberofcolumns=\count276
)
\tikz@expandcount=\count277

(d:/filp/filp00/tex/texlive/2020/texmf-dist/tex/generic/pgf/frontendlayer/tikz/
libraries/tikzlibrarytopaths.code.tex
File: tikzlibrarytopaths.code.tex 2020/01/08 v3.1.5b (3.1.5b)
)))
(d:/filp/filp00/tex/texlive/2020/texmf-dist/tex/generic/pgf/frontendlayer/tikz/
libraries/tikzlibrarypositioning.code.tex
File: tikzlibrarypositioning.code.tex 2020/01/08 v3.1.5b (3.1.5b)
)
(d:/filp/filp00/tex/texlive/2020/texmf-dist/tex/generic/pgf/frontendlayer/tikz/
libraries/tikzlibraryshadows.code.tex
File: tikzlibraryshadows.code.tex 2020/01/08 v3.1.5b (3.1.5b)

(d:/filp/filp00/tex/texlive/2020/texmf-dist/tex/generic/pgf/frontendlayer/tikz/
libraries/tikzlibraryfadings.code.tex
File: tikzlibraryfadings.code.tex 2020/01/08 v3.1.5b (3.1.5b)

(d:/filp/filp00/tex/texlive/2020/texmf-dist/tex/generic/pgf/libraries/pgflibrar
yfadings.code.tex
File: pgflibraryfadings.code.tex 2020/01/08 v3.1.5b (3.1.5b)
)))
(d:/filp/filp00/tex/texlive/2020/texmf-dist/tex/latex/tools/calc.sty
Package: calc 2017/05/25 v4.3 Infix arithmetic (KKT,FJ)
\calc@Acount=\count278
\calc@Bcount=\count279
\calc@Adimen=\dimen198
\calc@Bdimen=\dimen256
\calc@Askip=\skip57
\calc@Bskip=\skip58
LaTeX Info: Redefining \setlength on input line 80.
LaTeX Info: Redefining \addtolength on input line 81.
\calc@Ccount=\count280
\calc@Cskip=\skip59
)
\c@@todonotes@numberoftodonotes=\count281
)
(d:/filp/filp00/tex/texlive/2020/texmf-dist/tex/latex/algorithms/algorithm.sty
Package: algorithm 2009/08/24 v0.1 Document Style `algorithm' - floating enviro
nment

(d:/filp/filp00/tex/texlive/2020/texmf-dist/tex/latex/float/float.sty
Package: float 2001/11/08 v1.3d Float enhancements (AL)
\c@float@type=\count282
\float@exts=\toks40
\float@box=\box59
\@float@everytoks=\toks41
\@floatcapt=\box60
)
\@float@every@algorithm=\toks42
\c@algorithm=\count283
)
(d:/filp/filp00/tex/texlive/2020/texmf-dist/tex/latex/algorithms/algorithmic.st
y
Package: algorithmic 2009/08/24 v0.1 Document Style `algorithmic'
\c@ALC@unique=\count284
\c@ALC@line=\count285
\c@ALC@rem=\count286
\c@ALC@depth=\count287
\ALC@tlm=\skip60
\algorithmicindent=\skip61
) (d:/filp/filp00/tex/texlive/2020/texmf-dist/tex/latex/breqn/breqn.sty
(d:/filp/filp00/tex/texlive/2020/texmf-dist/tex/latex/l3kernel/expl3.sty
Package: expl3 2020-09-06 L3 programming layer (loader) 

(d:/filp/filp00/tex/texlive/2020/texmf-dist/tex/latex/l3backend/l3backend-pdfte
x.def
File: l3backend-pdftex.def 2020-09-11 L3 backend support: PDF output (pdfTeX)
\l__kernel_color_stack_int=\count288
\l__pdf_internal_box=\box61
))
Package: breqn 2020/04/19 v0.98j Breaking equations

(d:/filp/filp00/tex/texlive/2020/texmf-dist/tex/latex/breqn/flexisym.sty
Package: flexisym 2020/04/19 v0.98j Make math characters macros
LaTeX Info: Redefining \textprime on input line 298.
LaTeX Info: Redefining \not on input line 356.

(d:/filp/filp00/tex/texlive/2020/texmf-dist/tex/latex/breqn/cmbase.sym
File: cmbase.sym 2007/12/19 v0.92
LaTeX Info: Redefining \hbar on input line 323.
LaTeX Info: Redefining \surd on input line 325.
LaTeX Info: Redefining \angle on input line 333.
LaTeX Info: Redefining \neq on input line 334.
LaTeX Info: Redefining \mapsto on input line 335.
LaTeX Info: Redefining \cong on input line 336.
LaTeX Info: Redefining \notin on input line 339.
LaTeX Info: Redefining \rightleftharpoons on input line 340.
LaTeX Info: Redefining \doteq on input line 341.
LaTeX Info: Redefining \hookrightarrow on input line 342.
LaTeX Info: Redefining \hookleftarrow on input line 343.
LaTeX Info: Redefining \bowtie on input line 344.
LaTeX Info: Redefining \models on input line 345.
LaTeX Info: Redefining \Longrightarrow on input line 346.
LaTeX Info: Redefining \longrightarrow on input line 347.
LaTeX Info: Redefining \Longleftarrow on input line 348.
LaTeX Info: Redefining \longleftarrow on input line 349.
LaTeX Info: Redefining \longmapsto on input line 350.
LaTeX Info: Redefining \longleftrightarrow on input line 351.
LaTeX Info: Redefining \Longleftrightarrow on input line 352.
LaTeX Info: Redefining \cdots on input line 356.
LaTeX Info: Redefining \vdots on input line 359.
LaTeX Info: Redefining \ddots on input line 364.
)
(d:/filp/filp00/tex/texlive/2020/texmf-dist/tex/latex/breqn/mathstyle.sty
Package: mathstyle 2020/04/19 v0.98j Tracking mathstyle implicitly
LaTeX Info: Redefining \displaystyle on input line 94.
LaTeX Info: Redefining \textstyle on input line 96.
LaTeX Info: Redefining \scriptstyle on input line 98.
LaTeX Info: Redefining \scriptscriptstyle on input line 100.
LaTeX Info: Redefining \genfrac on input line 148.
))
\inf@bad=\count289
\maxint=\count290
\listwidth=\dimen257
\eqnumsep=\dimen258
\eqmargin=\dimen259
\eqlinespacing=\skip62
\eqlineskip=\skip63
\eqlineskiplimit=\dimen260
\eqbinoffset=\muskip17
\eqdelimoffset=\muskip18
\eqindentstep=\dimen261
\eqstyle=\toks43
\eqbreakdepth=\count291
\eqinterlinepenalty=\count292
\intereqpenalty=\count293
\intereqskip=\skip64
\prerelpenalty=\count294
\prebinoppenalty=\count295
\Dmedmuskip=\muskip19
\Dthickmuskip=\muskip20
\eqleftskip=\skip65
\eqrightskip=\skip66
\eq@vspan=\skip67
\eq@binoffset=\muskip21
\EQ@box=\box62
\EQ@copy=\box63
\EQ@numbox=\box64
\eq@wdNum=\dimen262
\GRP@numbox=\box65
\grp@wdNum=\dimen263
\eq@lines=\count296
\eq@curline=\count297
\eq@badness=\count298
\EQ@vims=\count299
\eq@dp=\dimen264
\eq@wdL=\dimen265
\eq@wdT=\dimen266
\eq@wdMin=\dimen267
\grp@wdL=\dimen268
\grp@wdR=\dimen269
\grp@wdT=\dimen270
\eq@wdRmax=\dimen271
\eq@firstht=\dimen272
\eq@wdCond=\dimen273
\eq@indentstep=\dimen274
\eq@linewidth=\dimen275
\grp@linewidth=\dimen276
\eq@hshift=\dimen277
\eq@given@sidespace=\dimen278
\mathindent=\dimen279
\eq@final@linecount=\count300
\eq@wdR=\dimen280
\EQ@continue=\toks44
\lr@level=\count301
\GRP@queue=\toks45
\GRP@box=\box66
\GRP@wholebox=\box67
\darraycolsep=\skip68
\cur@row=\count302
\cur@col=\count303
\conditionsep=\skip69
)
(d:/filp/filp00/tex/texlive/2020/texmf-dist/tex/latex/caption/subcaption.sty
Package: subcaption 2020/08/23 v1.3g Sub-captions (AR)

(d:/filp/filp00/tex/texlive/2020/texmf-dist/tex/latex/caption/caption.sty
Package: caption 2020/09/02 v3.5a Customizing captions (AR)

(d:/filp/filp00/tex/texlive/2020/texmf-dist/tex/latex/caption/caption3.sty
Package: caption3 2020/09/11 v2.0b caption3 kernel (AR)
\captionmargin=\dimen281
\captionmargin@=\dimen282
\captionwidth=\dimen283
\caption@tempdima=\dimen284
\caption@indent=\dimen285
\caption@parindent=\dimen286
\caption@hangindent=\dimen287
Package caption Info: AMS or SMF document class detected.

(d:/filp/filp00/tex/texlive/2020/texmf-dist/tex/latex/caption/caption-ams-smf.s
to
File: caption-ams-smf.sto 2020/08/22 v2.0 Adaption of the caption package to th
e AMS and SMF document classes (AR)
))
\c@caption@flags=\count304
\c@continuedfloat=\count305
Package caption Info: float package is loaded.
)
\c@subfigure=\count306
\c@subtable=\count307
)
(d:/filp/filp00/tex/texlive/2020/texmf-dist/tex/latex/multirow/multirow.sty
Package: multirow 2019/05/31 v2.5 Span multiple rows of a table
\multirow@colwidth=\skip70
\multirow@cntb=\count308
\multirow@dima=\skip71
\bigstrutjot=\dimen288
)
(d:/filp/filp00/tex/texlive/2020/texmf-dist/tex/latex/psfrag/psfrag.sty
Package: psfrag 1998/04/11 v3.04 PSfrag (MCG)
\pfg@pcount=\count309
\pfg@scount=\count310
\pfg@temp=\write5
)
(d:/filp/filp00/tex/texlive/2020/texmf-dist/tex/latex/url/url.sty
\Urlmuskip=\muskip22
Package: url 2013/09/16  ver 3.4  Verb mode for urls, etc.
)
(d:/filp/filp00/tex/texlive/2020/texmf-dist/tex/latex/hyperref/hyperref.sty
Package: hyperref 2020-05-15 v7.00e Hypertext links for LaTeX

(d:/filp/filp00/tex/texlive/2020/texmf-dist/tex/generic/ltxcmds/ltxcmds.sty
Package: ltxcmds 2019/12/15 v1.24 LaTeX kernel commands for general use (HO)
)
(d:/filp/filp00/tex/texlive/2020/texmf-dist/tex/generic/iftex/iftex.sty
Package: iftex 2020/03/06 v1.0d TeX engine tests
)
(d:/filp/filp00/tex/texlive/2020/texmf-dist/tex/generic/pdftexcmds/pdftexcmds.s
ty
Package: pdftexcmds 2020-06-27 v0.33 Utility functions of pdfTeX for LuaTeX (HO
)

(d:/filp/filp00/tex/texlive/2020/texmf-dist/tex/generic/infwarerr/infwarerr.sty
Package: infwarerr 2019/12/03 v1.5 Providing info/warning/error messages (HO)
)
Package pdftexcmds Info: \pdf@primitive is available.
Package pdftexcmds Info: \pdf@ifprimitive is available.
Package pdftexcmds Info: \pdfdraftmode found.
)
(d:/filp/filp00/tex/texlive/2020/texmf-dist/tex/generic/kvsetkeys/kvsetkeys.sty
Package: kvsetkeys 2019/12/15 v1.18 Key value parser (HO)
)
(d:/filp/filp00/tex/texlive/2020/texmf-dist/tex/generic/kvdefinekeys/kvdefineke
ys.sty
Package: kvdefinekeys 2019-12-19 v1.6 Define keys (HO)
)
(d:/filp/filp00/tex/texlive/2020/texmf-dist/tex/generic/pdfescape/pdfescape.sty
Package: pdfescape 2019/12/09 v1.15 Implements pdfTeX's escape features (HO)
) (d:/filp/filp00/tex/texlive/2020/texmf-dist/tex/latex/hycolor/hycolor.sty
Package: hycolor 2020-01-27 v1.10 Color options for hyperref/bookmark (HO)
)
(d:/filp/filp00/tex/texlive/2020/texmf-dist/tex/latex/letltxmacro/letltxmacro.s
ty
Package: letltxmacro 2019/12/03 v1.6 Let assignment for LaTeX macros (HO)
) (d:/filp/filp00/tex/texlive/2020/texmf-dist/tex/latex/auxhook/auxhook.sty
Package: auxhook 2019-12-17 v1.6 Hooks for auxiliary files (HO)
)
(d:/filp/filp00/tex/texlive/2020/texmf-dist/tex/latex/kvoptions/kvoptions.sty
Package: kvoptions 2019/11/29 v3.13 Key value format for package options (HO)
)
\@linkdim=\dimen289
\Hy@linkcounter=\count311
\Hy@pagecounter=\count312

(d:/filp/filp00/tex/texlive/2020/texmf-dist/tex/latex/hyperref/pd1enc.def
File: pd1enc.def 2020-05-15 v7.00e Hyperref: PDFDocEncoding definition (HO)
Now handling font encoding PD1 ...
... no UTF-8 mapping file for font encoding PD1
)
(d:/filp/filp00/tex/texlive/2020/texmf-dist/tex/generic/intcalc/intcalc.sty
Package: intcalc 2019/12/15 v1.3 Expandable calculations with integers (HO)
)
(d:/filp/filp00/tex/texlive/2020/texmf-dist/tex/generic/etexcmds/etexcmds.sty
Package: etexcmds 2019/12/15 v1.7 Avoid name clashes with e-TeX commands (HO)
)
\Hy@SavedSpaceFactor=\count313
Package hyperref Info: Hyper figures OFF on input line 4464.
Package hyperref Info: Link nesting OFF on input line 4469.
Package hyperref Info: Hyper index ON on input line 4472.
Package hyperref Info: Plain pages OFF on input line 4479.
Package hyperref Info: Backreferencing OFF on input line 4484.
Package hyperref Info: Implicit mode ON; LaTeX internals redefined.
Package hyperref Info: Bookmarks ON on input line 4717.
\c@Hy@tempcnt=\count314
LaTeX Info: Redefining \url on input line 5076.
\XeTeXLinkMargin=\dimen290

(d:/filp/filp00/tex/texlive/2020/texmf-dist/tex/generic/bitset/bitset.sty
Package: bitset 2019/12/09 v1.3 Handle bit-vector datatype (HO)

(d:/filp/filp00/tex/texlive/2020/texmf-dist/tex/generic/bigintcalc/bigintcalc.s
ty
Package: bigintcalc 2019/12/15 v1.5 Expandable calculations on big integers (HO
)
))
\Fld@menulength=\count315
\Field@Width=\dimen291
\Fld@charsize=\dimen292
Package hyperref Info: Hyper figures OFF on input line 6347.
Package hyperref Info: Link nesting OFF on input line 6352.
Package hyperref Info: Hyper index ON on input line 6355.
Package hyperref Info: backreferencing OFF on input line 6362.
Package hyperref Info: Link coloring OFF on input line 6367.
Package hyperref Info: Link coloring with OCG OFF on input line 6372.
Package hyperref Info: PDF/A mode OFF on input line 6377.
LaTeX Info: Redefining \ref on input line 6417.
LaTeX Info: Redefining \pageref on input line 6421.

(d:/filp/filp00/tex/texlive/2020/texmf-dist/tex/generic/atbegshi/atbegshi.sty
Package: atbegshi 2019/12/05 v1.19 At begin shipout hook (HO)
)
\Hy@abspage=\count316
\c@Item=\count317
\c@Hfootnote=\count318
)
Package hyperref Info: Driver (autodetected): hpdftex.
(d:/filp/filp00/tex/texlive/2020/texmf-dist/tex/latex/hyperref/hpdftex.def
File: hpdftex.def 2020-05-15 v7.00e Hyperref driver for pdfTeX

(d:/filp/filp00/tex/texlive/2020/texmf-dist/tex/latex/atveryend/atveryend.sty
Package: atveryend 2019-12-11 v1.11 Hooks at the very end of document (HO)
Package atveryend Info: \enddocument detected (standard20110627).
)
\Fld@listcount=\count319
\c@bookmark@seq@number=\count320

(d:/filp/filp00/tex/texlive/2020/texmf-dist/tex/latex/rerunfilecheck/rerunfilec
heck.sty
Package: rerunfilecheck 2019/12/05 v1.9 Rerun checks for auxiliary files (HO)

(d:/filp/filp00/tex/texlive/2020/texmf-dist/tex/generic/uniquecounter/uniquecou
nter.sty
Package: uniquecounter 2019/12/15 v1.4 Provide unlimited unique counter (HO)
)
Package uniquecounter Info: New unique counter `rerunfilecheck' on input line 2
86.
)
\Hy@SectionHShift=\skip72
)
(d:/filp/filp00/tex/texlive/2020/texmf-dist/tex/latex/cleveref/cleveref.sty
Package: cleveref 2018/03/27 v0.21.4 Intelligent cross-referencing
Package cleveref Info: `hyperref' support loaded on input line 2370.
LaTeX Info: Redefining \cref on input line 2370.
LaTeX Info: Redefining \Cref on input line 2370.
LaTeX Info: Redefining \crefrange on input line 2370.
LaTeX Info: Redefining \Crefrange on input line 2370.
LaTeX Info: Redefining \cpageref on input line 2370.
LaTeX Info: Redefining \Cpageref on input line 2370.
LaTeX Info: Redefining \cpagerefrange on input line 2370.
LaTeX Info: Redefining \Cpagerefrange on input line 2370.
LaTeX Info: Redefining \labelcref on input line 2370.
LaTeX Info: Redefining \labelcpageref on input line 2370.
Package cleveref Info: `amsthm' support loaded on input line 3026.
Package cleveref Info: `breqn' support loaded on input line 3109.
)
(d:/filp/filp00/tex/texlive/2020/texmf-dist/tex/latex/booktabs/booktabs.sty
Package: booktabs 2020/01/12 v1.61803398 Publication quality tables
\heavyrulewidth=\dimen293
\lightrulewidth=\dimen294
\cmidrulewidth=\dimen295
\belowrulesep=\dimen296
\belowbottomsep=\dimen297
\aboverulesep=\dimen298
\abovetopsep=\dimen299
\cmidrulesep=\dimen300
\cmidrulekern=\dimen301
\defaultaddspace=\dimen302
\@cmidla=\count321
\@cmidlb=\count322
\@aboverulesep=\dimen303
\@belowrulesep=\dimen304
\@thisruleclass=\count323
\@lastruleclass=\count324
\@thisrulewidth=\dimen305
)
(d:/filp/filp00/tex/texlive/2020/texmf-dist/tex/latex/graphics/rotating.sty
Package: rotating 2016/08/11 v2.16d rotated objects in LaTeX
\c@r@tfl@t=\count325
\rotFPtop=\skip73
\rotFPbot=\skip74
\rot@float@box=\box68
\rot@mess@toks=\toks46
)
(d:/filp/filp00/tex/texlive/2020/texmf-dist/tex/latex/colortbl/colortbl.sty
Package: colortbl 2020/01/04 v1.0e Color table columns (DPC)

(d:/filp/filp00/tex/texlive/2020/texmf-dist/tex/latex/tools/array.sty
Package: array 2019/08/31 v2.4l Tabular extension package (FMi)
\col@sep=\dimen306
\ar@mcellbox=\box69
\extrarowheight=\dimen307
\NC@list=\toks47
\extratabsurround=\skip75
\backup@length=\skip76
\ar@cellbox=\box70
)
\everycr=\toks48
\minrowclearance=\skip77
)
(d:/filp/filp00/tex/texlive/2020/texmf-dist/tex/latex/paralist/paralist.sty
Package: paralist 2017/01/22 v2.7 Extended list environments
\pltopsep=\skip78
\plpartopsep=\skip79
\plitemsep=\skip80
\plparsep=\skip81
\pl@lab=\toks49
)
(d:/filp/filp00/tex/texlive/2020/texmf-dist/tex/latex/epstopdf-pkg/epstopdf.sty
Package: epstopdf 2020-01-24 v2.11 Conversion with epstopdf on the fly (HO)
(d:/filp/filp00/tex/texlive/2020/texmf-dist/tex/latex/grfext/grfext.sty
Package: grfext 2019/12/03 v1.3 Manage graphics extensions (HO)
)
(d:/filp/filp00/tex/texlive/2020/texmf-dist/tex/latex/epstopdf-pkg/epstopdf-bas
e.sty
Package: epstopdf-base 2020-01-24 v2.11 Base part for package epstopdf
Package epstopdf-base Info: Redefining graphics rule for `.eps' on input line 4
85.
Package grfext Info: Graphics extension search list:
(grfext)             [.pdf,.png,.jpg,.mps,.jpeg,.jbig2,.jb2,.PDF,.PNG,.JPG,.JPE
G,.JBIG2,.JB2,.eps]
(grfext)             \AppendGraphicsExtensions on input line 504.

(d:/filp/filp00/tex/texlive/2020/texmf-dist/tex/latex/latexconfig/epstopdf-sys.
cfg
File: epstopdf-sys.cfg 2010/07/13 v1.3 Configuration of (r)epstopdf for TeX Liv
e
))) (d:/filp/filp00/tex/texlive/2020/texmf-dist/tex/latex/nag/nag.sty
Package: nag 2011/11/25 0.7 warning about old commands (ulmi)
\c@nag@c=\count326
\c@nag@sins=\count327
)
(d:/filp/filp00/tex/texlive/2020/texmf-dist/tex/latex/microtype/microtype.sty
Package: microtype 2019/11/18 v2.7d Micro-typographical refinements (RS)
\MT@toks=\toks50
\MT@count=\count328
LaTeX Info: Redefining \textls on input line 790.
\MT@outer@kern=\dimen308
LaTeX Info: Redefining \textmicrotypecontext on input line 1354.
\MT@listname@count=\count329

(d:/filp/filp00/tex/texlive/2020/texmf-dist/tex/latex/microtype/microtype-pdfte
x.def
File: microtype-pdftex.def 2019/11/18 v2.7d Definitions specific to pdftex (RS)

LaTeX Info: Redefining \lsstyle on input line 914.
LaTeX Info: Redefining \lslig on input line 914.
\MT@outer@space=\skip82
)
Package microtype Info: Loading configuration file microtype.cfg.

(d:/filp/filp00/tex/texlive/2020/texmf-dist/tex/latex/microtype/microtype.cfg
File: microtype.cfg 2019/11/18 v2.7d microtype main configuration file (RS)
)) (d:/filp/filp00/tex/texlive/2020/texmf-dist/tex/latex/siunitx/siunitx.sty
(d:/filp/filp00/tex/texlive/2020/texmf-dist/tex/latex/l3packages/xparse/xparse.
sty
Package: xparse 2020-05-15 L3 Experimental document command parser

(d:/filp/filp00/tex/texlive/2020/texmf-dist/tex/latex/l3packages/xparse/xparse-
generic.tex
\l__xparse_current_arg_int=\count330
\g__xparse_grabber_int=\count331
\l__xparse_m_args_int=\count332
\l__xparse_v_nesting_int=\count333
))
Package: siunitx 2020/02/25 v2.8b A comprehensive (SI) units package

(d:/filp/filp00/tex/texlive/2020/texmf-dist/tex/latex/l3packages/l3keys2e/l3key
s2e.sty
Package: l3keys2e 2020-05-15 LaTeX2e option processing using LaTeX3 keys
)
\l__siunitx_tmp_box=\box71
\l__siunitx_tmp_dim=\dimen309
\l__siunitx_tmp_int=\count334
\l__siunitx_number_mantissa_length_int=\count335
\l__siunitx_number_uncert_length_int=\count336
\l__siunitx_round_int=\count337
\l__siunitx_process_decimal_int=\count338
\l__siunitx_process_uncertainty_int=\count339
\l__siunitx_process_fixed_int=\count340
\l__siunitx_process_integer_min_int=\count341
\l__siunitx_process_precision_int=\count342
\l__siunitx_group_min_int=\count343
\l__siunitx_angle_marker_box=\box72
\l__siunitx_angle_unit_box=\box73
\l__siunitx_angle_marker_dim=\dimen310
\l__siunitx_angle_unit_dim=\dimen311
\l__siunitx_unit_int=\count344
\l__siunitx_unit_denominator_int=\count345
\l__siunitx_unit_numerator_int=\count346
\l__siunitx_unit_prefix_int=\count347
\l__siunitx_unit_prefix_base_int=\count348
\l__siunitx_unit_prefix_gram_int=\count349
\l__siunitx_number_product_int=\count350
\c__siunitx_one_fill_skip=\skip83
\l__siunitx_table_unit_align_skip=\skip84
\l__siunitx_table_exponent_dim=\dimen312
\l__siunitx_table_integer_dim=\dimen313
\l__siunitx_table_mantissa_dim=\dimen314
\l__siunitx_table_marker_dim=\dimen315
\l__siunitx_table_result_dim=\dimen316
\l__siunitx_table_uncert_dim=\dimen317
\l__siunitx_table_fill_pre_dim=\dimen318
\l__siunitx_table_fill_post_dim=\dimen319
\l__siunitx_table_fill_mid_dim=\dimen320
\l__siunitx_table_pre_box=\box74
\l__siunitx_table_post_box=\box75
\l__siunitx_table_mantissa_box=\box76
\l__siunitx_table_result_box=\box77
\l__siunitx_table_number_align_skip=\skip85
\l__siunitx_table_text_align_skip=\skip86

(d:/filp/filp00/tex/texlive/2020/texmf-dist/tex/latex/translator/translator.sty
Package: translator 2020-08-03 v1.12c Easy translation of strings in LaTeX
)) (d:/filp/filp00/tex/texlive/2020/texmf-dist/tex/latex/units/nicefrac.sty
Package: nicefrac 1998/08/04 v0.9b Nice fractions
\L@UnitsRaiseDisplaystyle=\skip87
\L@UnitsRaiseTextstyle=\skip88
\L@UnitsRaiseScriptstyle=\skip89
)
(d:/filp/filp00/tex/texlive/2020/texmf-dist/tex/latex/lipsum/lipsum.sty
Package: lipsum 2019/01/02 v2.2 150 paragraphs of Lorem Ipsum dummy text

(d:/filp/filp00/tex/texlive/2020/texmf-dist/tex/latex/lipsum/lipsum.ltd.tex
File: lipsum.ltd.tex 2019/01/02 v2.2 The Lorem ipsum dummy text
))
(d:/filp/filp00/tex/texlive/2020/texmf-dist/tex/generic/babel/babel.sty
Package: babel 2020/09/01 3.48 The Babel package

(d:/filp/filp00/tex/texlive/2020/texmf-dist/tex/generic/babel/babel.def
File: babel.def 2020/09/01 3.48 Babel common definitions
\babel@savecnt=\count351
\U@D=\dimen321
\l@babelnohyphens=\language86

(d:/filp/filp00/tex/texlive/2020/texmf-dist/tex/generic/babel/txtbabel.def)
\bbl@readstream=\read3
)
\bbl@dirlevel=\count352

(d:/filp/filp00/tex/texlive/2020/texmf-dist/tex/generic/babel-english/english.l
df
Language: english 2017/06/06 v3.3r English support from the babel system
Package babel Info: \l@canadian = using hyphenrules for english
(babel)             (\language0) on input line 102.
Package babel Info: \l@australian = using hyphenrules for ukenglish
(babel)             (\language21) on input line 105.
Package babel Info: \l@newzealand = using hyphenrules for ukenglish
(babel)             (\language21) on input line 108.
))
(d:/filp/filp00/tex/texlive/2020/texmf-dist/tex/latex/blindtext/blindtext.sty
Package: blindtext 2012/01/06 V2.0 blindtext-Package

(d:/filp/filp00/tex/texlive/2020/texmf-dist/tex/latex/tools/xspace.sty
Package: xspace 2014/10/28 v1.13 Space after command names (DPC,MH)
)
\c@blindtext=\count353
\c@Blindtext=\count354
\c@blind@countparstart=\count355
\blind@countxx=\count356
\blindtext@numBlindtext=\count357
\blind@countyy=\count358
\c@blindlist=\count359
\c@blindlistlevel=\count360
\c@blindlist@level=\count361
\blind@listitem=\count362
\c@blind@listcount=\count363
\c@blind@levelcount=\count364
\blind@mathformula=\count365
\blind@Mathformula=\count366
\c@blind@randomcount=\count367
\c@blind@randommax=\count368
\c@blind@pangramcount=\count369
\c@blind@pangrammax=\count370
)
(d:/filp/filp00/tex/texlive/2020/texmf-dist/tex/generic/pgf/frontendlayer/tikz/
libraries/tikzlibraryfit.code.tex
File: tikzlibraryfit.code.tex 2020/01/08 v3.1.5b (3.1.5b)
)
(d:/filp/filp00/tex/texlive/2020/texmf-dist/tex/generic/pgf/libraries/pgflibrar
yarrows.meta.code.tex
File: pgflibraryarrows.meta.code.tex 2020/01/08 v3.1.5b (3.1.5b)
\pgfarrowinset=\dimen322
\pgfarrowlength=\dimen323
\pgfarrowwidth=\dimen324
\pgfarrowlinewidth=\dimen325
)
(d:/filp/filp00/tex/texlive/2020/texmf-dist/tex/generic/pgf/frontendlayer/tikz/
libraries/tikzlibraryshapes.code.tex
File: tikzlibraryshapes.code.tex 2020/01/08 v3.1.5b (3.1.5b)

(d:/filp/filp00/tex/texlive/2020/texmf-dist/tex/generic/pgf/frontendlayer/tikz/
libraries/tikzlibraryshapes.geometric.code.tex
File: tikzlibraryshapes.geometric.code.tex 2020/01/08 v3.1.5b (3.1.5b)

(d:/filp/filp00/tex/texlive/2020/texmf-dist/tex/generic/pgf/libraries/shapes/pg
flibraryshapes.geometric.code.tex
File: pgflibraryshapes.geometric.code.tex 2020/01/08 v3.1.5b (3.1.5b)
))
(d:/filp/filp00/tex/texlive/2020/texmf-dist/tex/generic/pgf/frontendlayer/tikz/
libraries/tikzlibraryshapes.misc.code.tex
File: tikzlibraryshapes.misc.code.tex 2020/01/08 v3.1.5b (3.1.5b)

(d:/filp/filp00/tex/texlive/2020/texmf-dist/tex/generic/pgf/libraries/shapes/pg
flibraryshapes.misc.code.tex
File: pgflibraryshapes.misc.code.tex 2020/01/08 v3.1.5b (3.1.5b)
))
(d:/filp/filp00/tex/texlive/2020/texmf-dist/tex/generic/pgf/frontendlayer/tikz/
libraries/tikzlibraryshapes.symbols.code.tex
File: tikzlibraryshapes.symbols.code.tex 2020/01/08 v3.1.5b (3.1.5b)

(d:/filp/filp00/tex/texlive/2020/texmf-dist/tex/generic/pgf/libraries/shapes/pg
flibraryshapes.symbols.code.tex
File: pgflibraryshapes.symbols.code.tex 2020/01/08 v3.1.5b (3.1.5b)
))
(d:/filp/filp00/tex/texlive/2020/texmf-dist/tex/generic/pgf/frontendlayer/tikz/
libraries/tikzlibraryshapes.arrows.code.tex
File: tikzlibraryshapes.arrows.code.tex 2020/01/08 v3.1.5b (3.1.5b)

(d:/filp/filp00/tex/texlive/2020/texmf-dist/tex/generic/pgf/libraries/shapes/pg
flibraryshapes.arrows.code.tex
File: pgflibraryshapes.arrows.code.tex 2020/01/08 v3.1.5b (3.1.5b)
))
(d:/filp/filp00/tex/texlive/2020/texmf-dist/tex/generic/pgf/frontendlayer/tikz/
libraries/tikzlibraryshapes.callouts.code.tex
(d:/filp/filp00/tex/texlive/2020/texmf-dist/tex/generic/pgf/libraries/shapes/pg
flibraryshapes.callouts.code.tex))
(d:/filp/filp00/tex/texlive/2020/texmf-dist/tex/generic/pgf/frontendlayer/tikz/
libraries/tikzlibraryshapes.multipart.code.tex
File: tikzlibraryshapes.multipart.code.tex 2020/01/08 v3.1.5b (3.1.5b)

(d:/filp/filp00/tex/texlive/2020/texmf-dist/tex/generic/pgf/libraries/shapes/pg
flibraryshapes.multipart.code.tex
File: pgflibraryshapes.multipart.code.tex 2020/01/08 v3.1.5b (3.1.5b)
\pgfnodepartlowerbox=\box78
\pgfnodeparttwobox=\box79
\pgfnodepartthreebox=\box80
\pgfnodepartfourbox=\box81
\pgfnodeparttwentybox=\box82
\pgfnodepartnineteenbox=\box83
\pgfnodeparteighteenbox=\box84
\pgfnodepartseventeenbox=\box85
\pgfnodepartsixteenbox=\box86
\pgfnodepartfifteenbox=\box87
\pgfnodepartfourteenbox=\box88
\pgfnodepartthirteenbox=\box89
\pgfnodeparttwelvebox=\box90
\pgfnodepartelevenbox=\box91
\pgfnodeparttenbox=\box92
\pgfnodepartninebox=\box93
\pgfnodeparteightbox=\box94
\pgfnodepartsevenbox=\box95
\pgfnodepartsixbox=\box96
\pgfnodepartfivebox=\box97
)))
(d:/filp/filp00/tex/texlive/2020/texmf-dist/tex/generic/pgf/frontendlayer/tikz/
libraries/tikzlibraryarrows.code.tex
File: tikzlibraryarrows.code.tex 2020/01/08 v3.1.5b (3.1.5b)

(d:/filp/filp00/tex/texlive/2020/texmf-dist/tex/generic/pgf/libraries/pgflibrar
yarrows.code.tex
File: pgflibraryarrows.code.tex 2020/01/08 v3.1.5b (3.1.5b)
\arrowsize=\dimen326
)) Including 'TulipStyle' comment.
\openout3 = `comment.cut'.


Straight input of comment.cut. (./comment.cut
(d:/filp/filp00/tex/texlive/2020/texmf-dist/tex/latex/natbib/natbib.sty
Package: natbib 2010/09/13 8.31b (PWD, AO)
\bibhang=\skip90
\bibsep=\skip91
LaTeX Info: Redefining \cite on input line 694.
\c@NAT@ctr=\count371
)
(d:/filp/filp00/tex/texlive/2020/texmf-dist/tex/latex/gitinfo2/gitinfo2.sty
Package: gitinfo2 2015/11/22 v2.0.7 git revision information

(d:/filp/filp00/tex/texlive/2020/texmf-dist/tex/latex/etoolbox/etoolbox.sty
Package: etoolbox 2020/08/24 v2.5j e-TeX tools for LaTeX (JAW)
\etb@tempcnta=\count372


Package etoolbox Warning: Patching '\end' failed!
(etoolbox)                '\AfterEndEnvironment' will not work.

) (d:/filp/filp00/tex/texlive/2020/texmf-dist/tex/generic/xstring/xstring.sty
(d:/filp/filp00/tex/texlive/2020/texmf-dist/tex/generic/xstring/xstring.tex
\integerpart=\count373
\decimalpart=\count374
)
Package: xstring 2019/02/06 v1.83 String manipulations (CT)
)
(d:/filp/filp00/tex/texlive/2020/texmf-dist/tex/latex/eso-pic/eso-pic.sty
Package: eso-pic 2018/04/12 v2.0h eso-pic (RN)
)
Package gitinfo2 Info: gitinfo2 found : ../.git/gitHeadInfo.gin
(gitinfo2)              on input line 128.

(../.git/gitHeadInfo.gin)
(d:/filp/filp00/tex/texlive/2020/texmf-dist/tex/latex/gitinfo2/gitexinfo.sty
Package: gitexinfo 2015/11/22 v2.0.7 Auxiliary package for gitinfo2
))
(d:/filp/filp00/tex/texlive/2020/texmf-dist/tex/latex/fancyhdr/fancyhdr.sty
Package: fancyhdr 2019/01/31 v3.10 Extensive control of page headers and footer
s
\f@nch@headwidth=\skip92
\f@nch@O@elh=\skip93
\f@nch@O@erh=\skip94
\f@nch@O@olh=\skip95
\f@nch@O@orh=\skip96
\f@nch@O@elf=\skip97
\f@nch@O@erf=\skip98
\f@nch@O@olf=\skip99
\f@nch@O@orf=\skip100
)
(d:/filp/filp00/tex/texlive/2020/texmf-dist/tex/latex/mathtools/mathtools.sty
Package: mathtools 2020/03/24 v1.24 mathematical typesetting tools

(d:/filp/filp00/tex/texlive/2020/texmf-dist/tex/latex/mathtools/mhsetup.sty
Package: mhsetup 2017/03/31 v1.3 programming setup (MH)
)
LaTeX Info: Thecontrolsequence`\('isalreadyrobust on input line 130.
LaTeX Info: Thecontrolsequence`\)'isalreadyrobust on input line 130.
LaTeX Info: Thecontrolsequence`\['isalreadyrobust on input line 130.
LaTeX Info: Thecontrolsequence`\]'isalreadyrobust on input line 130.
\g_MT_multlinerow_int=\count375
\l_MT_multwidth_dim=\dimen327
\origjot=\skip101
\l_MT_shortvdotswithinadjustabove_dim=\dimen328
\l_MT_shortvdotswithinadjustbelow_dim=\dimen329
\l_MT_above_intertext_sep=\dimen330
\l_MT_below_intertext_sep=\dimen331
\l_MT_above_shortintertext_sep=\dimen332
\l_MT_below_shortintertext_sep=\dimen333
\xmathstrut@box=\box98
\xmathstrut@dim=\dimen334
)
\c@thm=\count376
\c@Remark=\count377
\c@proposition=\count378
\c@theorem=\count379
\c@lemma=\count380
\c@corollary=\count381
\c@example=\count382
\c@definition=\count383
\c@Algorithms=\count384
)) (./report.aux)
\openout1 = `report.aux'.

LaTeX Font Info:    Checking defaults for OML/cmm/m/it on input line 24.
LaTeX Font Info:    ... okay on input line 24.
LaTeX Font Info:    Checking defaults for OMS/cmsy/m/n on input line 24.
LaTeX Font Info:    ... okay on input line 24.
LaTeX Font Info:    Checking defaults for OT1/cmr/m/n on input line 24.
LaTeX Font Info:    ... okay on input line 24.
LaTeX Font Info:    Checking defaults for T1/cmr/m/n on input line 24.
LaTeX Font Info:    ... okay on input line 24.
LaTeX Font Info:    Checking defaults for TS1/cmr/m/n on input line 24.
LaTeX Font Info:    ... okay on input line 24.
LaTeX Font Info:    Checking defaults for OMX/cmex/m/n on input line 24.
LaTeX Font Info:    ... okay on input line 24.
LaTeX Font Info:    Checking defaults for U/cmr/m/n on input line 24.
LaTeX Font Info:    ... okay on input line 24.
LaTeX Font Info:    Checking defaults for PD1/pdf/m/n on input line 24.
LaTeX Font Info:    ... okay on input line 24.
LaTeX Font Info:    Trying to load font information for U+msa on input line 24.


(d:/filp/filp00/tex/texlive/2020/texmf-dist/tex/latex/amsfonts/umsa.fd
File: umsa.fd 2013/01/14 v3.01 AMS symbols A
)
LaTeX Font Info:    Trying to load font information for U+msb on input line 24.


(d:/filp/filp00/tex/texlive/2020/texmf-dist/tex/latex/amsfonts/umsb.fd
File: umsb.fd 2013/01/14 v3.01 AMS symbols B
)
(d:/filp/filp00/tex/texlive/2020/texmf-dist/tex/context/base/mkii/supp-pdf.mkii
[Loading MPS to PDF converter (version 2006.09.02).]
\scratchcounter=\count385
\scratchdimen=\dimen335
\scratchbox=\box99
\nofMPsegments=\count386
\nofMParguments=\count387
\everyMPshowfont=\toks51
\MPscratchCnt=\count388
\MPscratchDim=\dimen336
\MPnumerator=\count389
\makeMPintoPDFobject=\count390
\everyMPtoPDFconversion=\toks52
) ABD: EveryShipout initializing macros
Package caption Info: Begin \AtBeginDocument code.
Package caption Info: hyperref package is loaded.
Package caption Info: rotating package is loaded.
Package caption Info: End \AtBeginDocument code.
\AtBeginShipoutBox=\box100
Package hyperref Info: Link coloring OFF on input line 24.

(d:/filp/filp00/tex/texlive/2020/texmf-dist/tex/latex/hyperref/nameref.sty
Package: nameref 2019/09/16 v2.46 Cross-referencing by name of section

(d:/filp/filp00/tex/texlive/2020/texmf-dist/tex/latex/refcount/refcount.sty
Package: refcount 2019/12/15 v3.6 Data extraction from label references (HO)
)
(d:/filp/filp00/tex/texlive/2020/texmf-dist/tex/generic/gettitlestring/gettitle
string.sty
Package: gettitlestring 2019/12/15 v1.6 Cleanup title references (HO)
)
\c@section@level=\count391
)
LaTeX Info: Redefining \ref on input line 24.
LaTeX Info: Redefining \pageref on input line 24.
LaTeX Info: Redefining \nameref on input line 24.
 (./report.out) (./report.out)
\@outlinefile=\write6
\openout6 = `report.out'.

LaTeX Info: Redefining \microtypecontext on input line 24.
Package microtype Info: Generating PDF output.
Package microtype Info: Character protrusion enabled (level 2).
Package microtype Info: Using default protrusion set `alltext'.
Package microtype Info: Automatic font expansion enabled (level 2),
(microtype)             stretch: 20, shrink: 20, step: 1, non-selected.
Package microtype Info: Using default expansion set `basictext'.
LaTeX Info: Redefining \showhyphens on input line 24.
Package microtype Info: No adjustment of tracking.
Package microtype Info: No adjustment of interword spacing.
Package microtype Info: No adjustment of character kerning.

(d:/filp/filp00/tex/texlive/2020/texmf-dist/tex/latex/microtype/mt-cmr.cfg
File: mt-cmr.cfg 2013/05/19 v2.2 microtype config. file: Computer Modern Roman 
(RS)
)
(d:/filp/filp00/tex/texlive/2020/texmf-dist/tex/latex/translator/translator-bas
ic-dictionary-English.dict
Dictionary: translator-basic-dictionary, Language: English 
)
(d:/filp/filp00/tex/texlive/2020/texmf-dist/tex/latex/siunitx/siunitx-abbreviat
ions.cfg
File: siunitx-abbreviations.cfg 2017/11/26 v2.7k siunitx: Abbreviated units
)
(d:/filp/filp00/tex/texlive/2020/texmf-dist/tex/latex/microtype/mt-msa.cfg
File: mt-msa.cfg 2006/02/04 v1.1 microtype config. file: AMS symbols (a) (RS)
)
(d:/filp/filp00/tex/texlive/2020/texmf-dist/tex/latex/microtype/mt-msb.cfg
File: mt-msb.cfg 2005/06/01 v1.0 microtype config. file: AMS symbols (b) (RS)
)
Package microtype Info: Loading generic protrusion settings for font family
(microtype)             `cmss' (encoding: OT1).
(microtype)             For optimal results, create family-specific settings.
(microtype)             See the microtype manual for details.
Package microtype Info: Loading generic protrusion settings for font family
(microtype)             `cmtt' (encoding: OT1).
(microtype)             For optimal results, create family-specific settings.
(microtype)             See the microtype manual for details.

(./report.toc)
\tf@toc=\write7
\openout7 = `report.toc'.

 [1
Non-PDF special ignored!
<special> header=psfrag.pro
{d:/filp/filp00/tex/texlive/2020/texmf-var/fonts/map/pdftex/updmap/pdftex.map}]
(./mainbody.tex
Package hyperref Info: bookmark level for unknown todo defaults to 0 on input l
ine 5.


LaTeX Warning: Marginpar on page 2 moved.


LaTeX Warning: Marginpar on page 2 moved.


Package natbib Warning: Citation `BL12J01' on page 2 undefined on input line 23
.

Including 'JournalOnly' comment.
\openout3 = `comment.cut'.

 Straight input of comment.cut. (./comment.cut

Package natbib Warning: Citation `BJL11J01' on page 2 undefined on input line 1
.


Package natbib Warning: Citation `BJL11J01' on page 2 undefined on input line 1
.

)

LaTeX Warning: Marginpar on page 2 moved.


LaTeX Warning: Marginpar on page 2 moved.


LaTeX Warning: Marginpar on page 2 moved.


LaTeX Warning: Marginpar on page 2 moved.

Including 'ConferenceOnly' comment.
\openout3 = `comment.cut'.

 Straight input of comment.cut.
(./comment.cut)
Underfull \vbox (badness 2799) has occurred while \output is active []

Package epstopdf Info: Source file: <logos/tulip-logo.eps>
(epstopdf)                    date: 2020-09-29 09:17:57
(epstopdf)                    size: 1059122 bytes
(epstopdf)             Output file: <logos/tulip-logo-eps-converted-to.pdf>
(epstopdf)                    date: 2020-09-29 09:17:57
(epstopdf)                    size: 21511 bytes
(epstopdf)             Command: <repstopdf --outfile=logos/tulip-logo-eps-conve
rted-to.pdf logos/tulip-logo.eps>
(epstopdf)             \includegraphics on input line 64.
Package epstopdf Info: Output file is already uptodate.
<logos/tulip-logo-eps-converted-to.pdf, id=86, 456.70625pt x 622.325pt>
File: logos/tulip-logo-eps-converted-to.pdf Graphic file (type pdf)
<use logos/tulip-logo-eps-converted-to.pdf>
Package pdftex.def Info: logos/tulip-logo-eps-converted-to.pdf  used on input l
ine 64.
(pdftex.def)             Requested size: 7.92348pt x 10.79993pt.


Package Fancyhdr Warning: \footskip is too small (12.0pt): 
Make it at least 14.79996pt.
We now make it that large for the rest of the document.
This may cause the page layout to be inconsistent, however.

[2pdfTeX warning (ext4): destination with the same identifier (name{blind@pangr
amcount.1}) has been already used, duplicate ignored

\@EveryShipout@Output ...@Org@Shipout \box \@cclv 
                                                  
l.64 \blindmathpaper
                    pdfTeX warning (ext4): destination with the same identifier
 (name{blind@pangramcount.2}) has been already used, duplicate ignored

\@EveryShipout@Output ...@Org@Shipout \box \@cclv 
                                                  
l.64 \blindmathpaper
                    pdfTeX warning (ext4): destination with the same identifier
 (name{blind@pangramcount.3}) has been already used, duplicate ignored

\@EveryShipout@Output ...@Org@Shipout \box \@cclv 
                                                  
l.64 \blindmathpaper
                    pdfTeX warning (ext4): destination with the same identifier
 (name{blind@pangramcount.4}) has been already used, duplicate ignored

\@EveryShipout@Output ...@Org@Shipout \box \@cclv 
                                                  
l.64 \blindmathpaper
                    pdfTeX warning (ext4): destination with the same identifier
 (name{blind@pangramcount.5}) has been already used, duplicate ignored

\@EveryShipout@Output ...@Org@Shipout \box \@cclv 
                                                  
l.64 \blindmathpaper
                    pdfTeX warning (ext4): destination with the same identifier
 (name{blind@pangramcount.6}) has been already used, duplicate ignored

\@EveryShipout@Output ...@Org@Shipout \box \@cclv 
                                                  
l.64 \blindmathpaper
                    pdfTeX warning (ext4): destination with the same identifier
 (name{blind@pangramcount.7}) has been already used, duplicate ignored

\@EveryShipout@Output ...@Org@Shipout \box \@cclv 
                                                  
l.64 \blindmathpaper
                    pdfTeX warning (ext4): destination with the same identifier
 (name{blind@pangramcount.8}) has been already used, duplicate ignored

\@EveryShipout@Output ...@Org@Shipout \box \@cclv 
                                                  
l.64 \blindmathpaper
                    pdfTeX warning (ext4): destination with the same identifier
 (name{blind@pangramcount.9}) has been already used, duplicate ignored

\@EveryShipout@Output ...@Org@Shipout \box \@cclv 
                                                  
l.64 \blindmathpaper
                    pdfTeX warning (ext4): destination with the same identifier
 (name{blind@pangramcount.10}) has been already used, duplicate ignored

\@EveryShipout@Output ...@Org@Shipout \box \@cclv 
                                                  
l.64 \blindmathpaper
                    pdfTeX warning (ext4): destination with the same identifier
 (name{blind@pangramcount.0}) has been already used, duplicate ignored

\@EveryShipout@Output ...@Org@Shipout \box \@cclv 
                                                  
l.64 \blindmathpaper
                    pdfTeX warning (ext4): destination with the same identifier
 (name{blind@pangramcount.1}) has been already used, duplicate ignored

\@EveryShipout@Output ...@Org@Shipout \box \@cclv 
                                                  
l.64 \blindmathpaper
                    pdfTeX warning (ext4): destination with the same identifier
 (name{blind@pangramcount.2}) has been already used, duplicate ignored

\@EveryShipout@Output ...@Org@Shipout \box \@cclv 
                                                  
l.64 \blindmathpaper
                    pdfTeX warning (ext4): destination with the same identifier
 (name{blind@pangramcount.3}) has been already used, duplicate ignored

\@EveryShipout@Output ...@Org@Shipout \box \@cclv 
                                                  
l.64 \blindmathpaper
                    pdfTeX warning (ext4): destination with the same identifier
 (name{blind@pangramcount.4}) has been already used, duplicate ignored

\@EveryShipout@Output ...@Org@Shipout \box \@cclv 
                                                  
l.64 \blindmathpaper
                    pdfTeX warning (ext4): destination with the same identifier
 (name{blind@pangramcount.5}) has been already used, duplicate ignored

\@EveryShipout@Output ...@Org@Shipout \box \@cclv 
                                                  
l.64 \blindmathpaper
                    pdfTeX warning (ext4): destination with the same identifier
 (name{blind@pangramcount.6}) has been already used, duplicate ignored

\@EveryShipout@Output ...@Org@Shipout \box \@cclv 
                                                  
l.64 \blindmathpaper
                     <./logos/tulip-logo-eps-converted-to.pdf>]pdfTeX warning (
ext4): destination with the same identifier (name{blind@pangramcount.9}) has be
en already used, duplicate ignored
<to be read again> 
                   \relax 
l.64 \blindmathpaper
                    pdfTeX warning (ext4): destination with the same identifier
 (name{blind@pangramcount.10}) has been already used, duplicate ignored
<to be read again> 
                   \relax 
l.64 \blindmathpaper
                    pdfTeX warning (ext4): destination with the same identifier
 (name{blind@pangramcount.0}) has been already used, duplicate ignored
<to be read again> 
                   \relax 
l.64 \blindmathpaper
                    pdfTeX warning (ext4): destination with the same identifier
 (name{blind@pangramcount.1}) has been already used, duplicate ignored
<to be read again> 
                   \relax 
l.64 \blindmathpaper
                    pdfTeX warning (ext4): destination with the same identifier
 (name{blind@pangramcount.2}) has been already used, duplicate ignored
<to be read again> 
                   \relax 
l.64 \blindmathpaper
                    pdfTeX warning (ext4): destination with the same identifier
 (name{blind@pangramcount.3}) has been already used, duplicate ignored
<to be read again> 
                   \relax 
l.64 \blindmathpaper
                    pdfTeX warning (ext4): destination with the same identifier
 (name{blind@pangramcount.4}) has been already used, duplicate ignored
<to be read again> 
                   \relax 
l.64 \blindmathpaper
                    pdfTeX warning (ext4): destination with the same identifier
 (name{blind@pangramcount.5}) has been already used, duplicate ignored
<to be read again> 
                   \relax 
l.64 \blindmathpaper
                    pdfTeX warning (ext4): destination with the same identifier
 (name{blind@pangramcount.6}) has been already used, duplicate ignored
<to be read again> 
                   \relax 
l.64 \blindmathpaper
                    pdfTeX warning (ext4): destination with the same identifier
 (name{blind@pangramcount.7}) has been already used, duplicate ignored
<to be read again> 
                   \relax 
l.64 \blindmathpaper
                    pdfTeX warning (ext4): destination with the same identifier
 (name{blind@pangramcount.8}) has been already used, duplicate ignored
<to be read again> 
                   \relax 
l.64 \blindmathpaper
                    pdfTeX warning (ext4): destination with the same identifier
 (name{blind@pangramcount.9}) has been already used, duplicate ignored
<to be read again> 
                   \relax 
l.64 \blindmathpaper
                    pdfTeX warning (ext4): destination with the same identifier
 (name{blind@pangramcount.10}) has been already used, duplicate ignored
<to be read again> 
                   \relax 
l.64 \blindmathpaper
                    pdfTeX warning (ext4): destination with the same identifier
 (name{blind@pangramcount.0}) has been already used, duplicate ignored
<to be read again> 
                   \relax 
l.64 \blindmathpaper
                    pdfTeX warning (ext4): destination with the same identifier
 (name{blind@pangramcount.1}) has been already used, duplicate ignored
<to be read again> 
                   \relax 
l.64 \blindmathpaper
                    pdfTeX warning (ext4): destination with the same identifier
 (name{blind@pangramcount.2}) has been already used, duplicate ignored
<to be read again> 
                   \relax 
l.64 \blindmathpaper
                    pdfTeX warning (ext4): destination with the same identifier
 (name{blind@pangramcount.3}) has been already used, duplicate ignored
<to be read again> 
                   \relax 
l.64 \blindmathpaper
                    pdfTeX warning (ext4): destination with the same identifier
 (name{blind@pangramcount.4}) has been already used, duplicate ignored
<to be read again> 
                   \relax 
l.64 \blindmathpaper
                    pdfTeX warning (ext4): destination with the same identifier
 (name{blind@pangramcount.5}) has been already used, duplicate ignored
<to be read again> 
                   \relax 
l.64 \blindmathpaper
                    pdfTeX warning (ext4): destination with the same identifier
 (name{blind@pangramcount.6}) has been already used, duplicate ignored
<to be read again> 
                   \relax 
l.64 \blindmathpaper
                    pdfTeX warning (ext4): destination with the same identifier
 (name{blind@pangramcount.7}) has been already used, duplicate ignored
<to be read again> 
                   \relax 
l.64 \blindmathpaper
                    pdfTeX warning (ext4): destination with the same identifier
 (name{blind@pangramcount.8}) has been already used, duplicate ignored
<to be read again> 
                   \relax 
l.64 \blindmathpaper
                    pdfTeX warning (ext4): destination with the same identifier
 (name{blind@pangramcount.9}) has been already used, duplicate ignored
<to be read again> 
                   \relax 
l.64 \blindmathpaper
                    pdfTeX warning (ext4): destination with the same identifier
 (name{blind@pangramcount.10}) has been already used, duplicate ignored
<to be read again> 
                   \relax 
l.64 \blindmathpaper
                    pdfTeX warning (ext4): destination with the same identifier
 (name{blind@pangramcount.0}) has been already used, duplicate ignored
<to be read again> 
                   \relax 
l.64 \blindmathpaper
                    pdfTeX warning (ext4): destination with the same identifier
 (name{blind@pangramcount.1}) has been already used, duplicate ignored
<to be read again> 
                   \relax 
l.69 
     pdfTeX warning (ext4): destination with the same identifier (name{blind@pa
ngramcount.2}) has been already used, duplicate ignored
<to be read again> 
                   \relax 
l.69 
     pdfTeX warning (ext4): destination with the same identifier (name{blind@pa
ngramcount.3}) has been already used, duplicate ignored
<to be read again> 
                   \relax 
l.69 
     pdfTeX warning (ext4): destination with the same identifier (name{blind@pa
ngramcount.4}) has been already used, duplicate ignored
<to be read again> 
                   \relax 
l.69 
     pdfTeX warning (ext4): destination with the same identifier (name{blind@pa
ngramcount.5}) has been already used, duplicate ignored
<to be read again> 
                   \relax 
l.69 
     pdfTeX warning (ext4): destination with the same identifier (name{blind@pa
ngramcount.6}) has been already used, duplicate ignored
<to be read again> 
                   \relax 
l.76 \blindlist
               {itemize}[3]pdfTeX warning (ext4): destination with the same ide
ntifier (name{blind@pangramcount.7}) has been already used, duplicate ignored
<to be read again> 
                   \relax 
l.76 \blindlist
               {itemize}[3]pdfTeX warning (ext4): destination with the same ide
ntifier (name{blind@pangramcount.8}) has been already used, duplicate ignored
<to be read again> 
                   \relax 
l.76 \blindlist
               {itemize}[3]pdfTeX warning (ext4): destination with the same ide
ntifier (name{blind@pangramcount.9}) has been already used, duplicate ignored
<to be read again> 
                   \relax 
l.76 \blindlist
               {itemize}[3]pdfTeX warning (ext4): destination with the same ide
ntifier (name{blind@pangramcount.10}) has been already used, duplicate ignored
<to be read again> 
                   \relax 
l.76 \blindlist
               {itemize}[3]
Package epstopdf Info: Source file: <logos/tulip-logo.eps>
(epstopdf)                    date: 2020-09-29 09:17:57
(epstopdf)                    size: 1059122 bytes
(epstopdf)             Output file: <logos/tulip-logo-eps-converted-to.pdf>
(epstopdf)                    date: 2020-09-29 09:17:57
(epstopdf)                    size: 21511 bytes
(epstopdf)             Command: <repstopdf --outfile=logos/tulip-logo-eps-conve
rted-to.pdf logos/tulip-logo.eps>
(epstopdf)             \includegraphics on input line 76.
Package epstopdf Info: Output file is already uptodate.
File: logos/tulip-logo-eps-converted-to.pdf Graphic file (type pdf)
<use logos/tulip-logo-eps-converted-to.pdf>
Package pdftex.def Info: logos/tulip-logo-eps-converted-to.pdf  used on input l
ine 76.
(pdftex.def)             Requested size: 7.92348pt x 10.79993pt.
 [3pdfTeX warning (ext4): destination with the same identifier (name{blind@pang
ramcount.7}) has been already used, duplicate ignored

\@EveryShipout@Output ...@Org@Shipout \box \@cclv 
                                                  
l.76 \blindlist{itemize}[3]
                           pdfTeX warning (ext4): destination with the same ide
ntifier (name{blind@pangramcount.8}) has been already used, duplicate ignored

\@EveryShipout@Output ...@Org@Shipout \box \@cclv 
                                                  
l.76 \blindlist{itemize}[3]
                           ]pdfTeX warning (ext4): destination with the same id
entifier (name{blind@pangramcount.0}) has been already used, duplicate ignored
<to be read again> 
                   \relax 
l.108 
      pdfTeX warning (ext4): destination with the same identifier (name{blind@p
angramcount.1}) has been already used, duplicate ignored
<to be read again> 
                   \relax 
l.108 
      pdfTeX warning (ext4): destination with the same identifier (name{blind@p
angramcount.2}) has been already used, duplicate ignored
<to be read again> 
                   \relax 
l.108 
      pdfTeX warning (ext4): destination with the same identifier (name{blind@p
angramcount.3}) has been already used, duplicate ignored
<to be read again> 
                   \relax 
l.108 
      pdfTeX warning (ext4): destination with the same identifier (name{blind@p
angramcount.4}) has been already used, duplicate ignored
<to be read again> 
                   \relax 
l.108 
      )
Package epstopdf Info: Source file: <logos/tulip-logo.eps>
(epstopdf)                    date: 2020-09-29 09:17:57
(epstopdf)                    size: 1059122 bytes
(epstopdf)             Output file: <logos/tulip-logo-eps-converted-to.pdf>
(epstopdf)                    date: 2020-09-29 09:17:57
(epstopdf)                    size: 21511 bytes
(epstopdf)             Command: <repstopdf --outfile=logos/tulip-logo-eps-conve
rted-to.pdf logos/tulip-logo.eps>
(epstopdf)             \includegraphics on input line 58.
Package epstopdf Info: Output file is already uptodate.
File: logos/tulip-logo-eps-converted-to.pdf Graphic file (type pdf)
<use logos/tulip-logo-eps-converted-to.pdf>
Package pdftex.def Info: logos/tulip-logo-eps-converted-to.pdf  used on input l
ine 58.
(pdftex.def)             Requested size: 7.92348pt x 10.79993pt.
 [4] (./report.bbl

Package natbib Warning: Empty `thebibliography' environment on input line 8.

) (./report.tdo)
\tf@tdo=\write8
\openout8 = `report.tdo'.



Package natbib Warning: There were undefined citations.

Package epstopdf Info: Source file: <logos/tulip-logo.eps>
(epstopdf)                    date: 2020-09-29 09:17:57
(epstopdf)                    size: 1059122 bytes
(epstopdf)             Output file: <logos/tulip-logo-eps-converted-to.pdf>
(epstopdf)                    date: 2020-09-29 09:17:57
(epstopdf)                    size: 21511 bytes
(epstopdf)             Command: <repstopdf --outfile=logos/tulip-logo-eps-conve
rted-to.pdf logos/tulip-logo.eps>
(epstopdf)             \includegraphics on input line 66.
Package epstopdf Info: Output file is already uptodate.
File: logos/tulip-logo-eps-converted-to.pdf Graphic file (type pdf)
<use logos/tulip-logo-eps-converted-to.pdf>
Package pdftex.def Info: logos/tulip-logo-eps-converted-to.pdf  used on input l
ine 66.
(pdftex.def)             Requested size: 7.92348pt x 10.79993pt.
[5]
No complaints by nag.
Package atveryend Info: Empty hook `BeforeClearDocument' on input line 66.
Package atveryend Info: Empty hook `AfterLastShipout' on input line 66.
(./report.aux)
Package atveryend Info: Executing hook `AtVeryEndDocument' on input line 66.
Package atveryend Info: Executing hook `AtEndAfterFileList' on input line 66.
Package rerunfilecheck Info: File `report.out' has not changed.
(rerunfilecheck)             Checksum: 24435655A2D139DD0734865877F5D79E;403.
Package atveryend Info: Empty hook `AtVeryVeryEnd' on input line 66.
 ) 
Here is how much of TeX's memory you used:
 31979 strings out of 480876
 651394 string characters out of 5903663
 1238008 words of memory out of 5000000
 46698 multiletter control sequences out of 15000+600000
 545330 words of font info for 96 fonts, out of 8000000 for 9000
 1302 hyphenation exceptions out of 8191
 71i,15n,103p,967b,990s stack positions out of 5000i,500n,10000p,200000b,80000s
<d:/filp/filp00/tex/texlive/2020/texmf-dist/fonts/type1/public/amsfonts/cm/cm
bx10.pfb><d:/filp/filp00/tex/texlive/2020/texmf-dist/fonts/type1/public/amsfont
s/cm/cmcsc10.pfb><d:/filp/filp00/tex/texlive/2020/texmf-dist/fonts/type1/public
/amsfonts/cm/cmex10.pfb><d:/filp/filp00/tex/texlive/2020/texmf-dist/fonts/type1
/public/amsfonts/cm/cmmi10.pfb><d:/filp/filp00/tex/texlive/2020/texmf-dist/font
s/type1/public/amsfonts/cm/cmmi7.pfb><d:/filp/filp00/tex/texlive/2020/texmf-dis
t/fonts/type1/public/amsfonts/cm/cmr10.pfb><d:/filp/filp00/tex/texlive/2020/tex
mf-dist/fonts/type1/public/amsfonts/cm/cmr5.pfb><d:/filp/filp00/tex/texlive/202
0/texmf-dist/fonts/type1/public/amsfonts/cm/cmr6.pfb><d:/filp/filp00/tex/texliv
e/2020/texmf-dist/fonts/type1/public/amsfonts/cm/cmr7.pfb><d:/filp/filp00/tex/t
exlive/2020/texmf-dist/fonts/type1/public/amsfonts/cm/cmr8.pfb><d:/filp/filp00/
tex/texlive/2020/texmf-dist/fonts/type1/public/amsfonts/cm/cmsl10.pfb><d:/filp/
filp00/tex/texlive/2020/texmf-dist/fonts/type1/public/amsfonts/cm/cmss10.pfb><d
:/filp/filp00/tex/texlive/2020/texmf-dist/fonts/type1/public/amsfonts/cm/cmss8.
pfb><d:/filp/filp00/tex/texlive/2020/texmf-dist/fonts/type1/public/amsfonts/cm/
cmsy10.pfb><d:/filp/filp00/tex/texlive/2020/texmf-dist/fonts/type1/public/amsfo
nts/cm/cmsy7.pfb><d:/filp/filp00/tex/texlive/2020/texmf-dist/fonts/type1/public
/amsfonts/cm/cmti8.pfb>
Output written on report.pdf (5 pages, 222856 bytes).
PDF statistics:
 224 PDF objects out of 1000 (max. 8388607)
 181 compressed objects within 2 object streams
 44 named destinations out of 1000 (max. 500000)
 21170 words of extra memory for PDF output out of 24883 (max. 10000000)

